{"E:\\Work\\19. LATSAR\\5. Aktualisasi\\4. Pengembangan Aplikasi\\1. Application Development\\backend\\controller\\adminController.js": {"path":"E:\\Work\\19. LATSAR\\5. Aktualisasi\\4. Pengembangan Aplikasi\\1. Application Development\\backend\\controller\\adminController.js","statementMap":{"0":{"start":{"line":1,"column":22},"end":{"line":1,"column":42}},"1":{"start":{"line":8,"column":4},"end":{"line":8,"column":24}},"2":{"start":{"line":9,"column":16},"end":{"line":9,"column":34}},"3":{"start":{"line":10,"column":14},"end":{"line":10,"column":30}},"4":{"start":{"line":11,"column":19},"end":{"line":11,"column":56}},"5":{"start":{"line":13,"column":22},"end":{"line":28,"column":1}},"6":{"start":{"line":14,"column":2},"end":{"line":27,"column":3}},"7":{"start":{"line":15,"column":17},"end":{"line":15,"column":50}},"8":{"start":{"line":16,"column":4},"end":{"line":19,"column":7}},"9":{"start":{"line":21,"column":4},"end":{"line":26,"column":7}},"10":{"start":{"line":30,"column":27},"end":{"line":103,"column":1}},"11":{"start":{"line":31,"column":2},"end":{"line":102,"column":3}},"12":{"start":{"line":32,"column":24},"end":{"line":32,"column":34}},"13":{"start":{"line":33,"column":19},"end":{"line":33,"column":49}},"14":{"start":{"line":34,"column":4},"end":{"line":41,"column":5}},"15":{"start":{"line":35,"column":6},"end":{"line":40,"column":9}},"16":{"start":{"line":48,"column":8},"end":{"line":48,"column":16}},"17":{"start":{"line":50,"column":4},"end":{"line":61,"column":5}},"18":{"start":{"line":57,"column":6},"end":{"line":60,"column":9}},"19":{"start":{"line":63,"column":25},"end":{"line":70,"column":6}},"20":{"start":{"line":72,"column":21},"end":{"line":72,"column":64}},"21":{"start":{"line":74,"column":25},"end":{"line":83,"column":5}},"22":{"start":{"line":85,"column":4},"end":{"line":94,"column":7}},"23":{"start":{"line":96,"column":4},"end":{"line":101,"column":7}},"24":{"start":{"line":105,"column":34},"end":{"line":143,"column":1}},"25":{"start":{"line":106,"column":2},"end":{"line":142,"column":3}},"26":{"start":{"line":107,"column":19},"end":{"line":107,"column":29}},"27":{"start":{"line":108,"column":22},"end":{"line":108,"column":59}},"28":{"start":{"line":109,"column":4},"end":{"line":116,"column":5}},"29":{"start":{"line":110,"column":6},"end":{"line":115,"column":9}},"30":{"start":{"line":118,"column":19},"end":{"line":118,"column":66}},"31":{"start":{"line":119,"column":4},"end":{"line":122,"column":5}},"32":{"start":{"line":120,"column":23},"end":{"line":120,"column":60}},"33":{"start":{"line":121,"column":6},"end":{"line":121,"column":46}},"34":{"start":{"line":123,"column":4},"end":{"line":123,"column":30}},"35":{"start":{"line":124,"column":26},"end":{"line":130,"column":6}},"36":{"start":{"line":131,"column":4},"end":{"line":134,"column":7}},"37":{"start":{"line":136,"column":4},"end":{"line":141,"column":7}},"38":{"start":{"line":145,"column":39},"end":{"line":166,"column":1}},"39":{"start":{"line":146,"column":2},"end":{"line":165,"column":3}},"40":{"start":{"line":147,"column":24},"end":{"line":147,"column":34}},"41":{"start":{"line":148,"column":22},"end":{"line":152,"column":6}},"42":{"start":{"line":154,"column":4},"end":{"line":157,"column":7}},"43":{"start":{"line":159,"column":4},"end":{"line":164,"column":7}},"44":{"start":{"line":168,"column":27},"end":{"line":215,"column":1}},"45":{"start":{"line":169,"column":2},"end":{"line":214,"column":3}},"46":{"start":{"line":170,"column":51},"end":{"line":170,"column":59}},"47":{"start":{"line":176,"column":24},"end":{"line":176,"column":54}},"48":{"start":{"line":177,"column":4},"end":{"line":186,"column":5}},"49":{"start":{"line":178,"column":6},"end":{"line":185,"column":9}},"50":{"start":{"line":188,"column":18},"end":{"line":188,"column":22}},"51":{"start":{"line":189,"column":24},"end":{"line":189,"column":28}},"52":{"start":{"line":191,"column":4},"end":{"line":195,"column":5}},"53":{"start":{"line":192,"column":27},"end":{"line":192,"column":66}},"54":{"start":{"line":193,"column":6},"end":{"line":193,"column":33}},"55":{"start":{"line":194,"column":6},"end":{"line":194,"column":44}},"56":{"start":{"line":197,"column":4},"end":{"line":204,"column":7}},"57":{"start":{"line":206,"column":4},"end":{"line":208,"column":7}},"58":{"start":{"line":210,"column":4},"end":{"line":213,"column":7}},"59":{"start":{"line":217,"column":30},"end":{"line":281,"column":1}},"60":{"start":{"line":218,"column":2},"end":{"line":280,"column":3}},"61":{"start":{"line":220,"column":22},"end":{"line":227,"column":6}},"62":{"start":{"line":230,"column":21},"end":{"line":230,"column":43}},"63":{"start":{"line":231,"column":22},"end":{"line":231,"column":66}},"64":{"start":{"line":234,"column":4},"end":{"line":242,"column":6}},"65":{"start":{"line":244,"column":4},"end":{"line":256,"column":7}},"66":{"start":{"line":245,"column":6},"end":{"line":255,"column":9}},"67":{"start":{"line":258,"column":4},"end":{"line":261,"column":6}},"68":{"start":{"line":262,"column":4},"end":{"line":265,"column":6}},"69":{"start":{"line":267,"column":4},"end":{"line":267,"column":35}},"70":{"start":{"line":268,"column":4},"end":{"line":268,"column":14}},"71":{"start":{"line":274,"column":4},"end":{"line":279,"column":7}},"72":{"start":{"line":283,"column":27},"end":{"line":396,"column":1}},"73":{"start":{"line":285,"column":12},"end":{"line":285,"column":41}},"74":{"start":{"line":287,"column":2},"end":{"line":395,"column":3}},"75":{"start":{"line":288,"column":27},"end":{"line":288,"column":37}},"76":{"start":{"line":289,"column":51},"end":{"line":289,"column":59}},"77":{"start":{"line":292,"column":4},"end":{"line":303,"column":5}},"78":{"start":{"line":298,"column":6},"end":{"line":298,"column":25}},"79":{"start":{"line":299,"column":6},"end":{"line":302,"column":9}},"80":{"start":{"line":306,"column":4},"end":{"line":312,"column":5}},"81":{"start":{"line":307,"column":6},"end":{"line":307,"column":25}},"82":{"start":{"line":308,"column":6},"end":{"line":311,"column":9}},"83":{"start":{"line":315,"column":19},"end":{"line":315,"column":72}},"84":{"start":{"line":316,"column":4},"end":{"line":322,"column":5}},"85":{"start":{"line":317,"column":6},"end":{"line":317,"column":25}},"86":{"start":{"line":318,"column":6},"end":{"line":321,"column":9}},"87":{"start":{"line":324,"column":21},"end":{"line":324,"column":40}},"88":{"start":{"line":327,"column":4},"end":{"line":349,"column":5}},"89":{"start":{"line":329,"column":26},"end":{"line":329,"column":76}},"90":{"start":{"line":330,"column":6},"end":{"line":336,"column":7}},"91":{"start":{"line":331,"column":8},"end":{"line":331,"column":27}},"92":{"start":{"line":332,"column":8},"end":{"line":335,"column":11}},"93":{"start":{"line":339,"column":6},"end":{"line":342,"column":8}},"94":{"start":{"line":345,"column":6},"end":{"line":348,"column":8}},"95":{"start":{"line":351,"column":22},"end":{"line":351,"column":33}},"96":{"start":{"line":352,"column":24},"end":{"line":352,"column":45}},"97":{"start":{"line":353,"column":4},"end":{"line":361,"column":5}},"98":{"start":{"line":354,"column":27},"end":{"line":354,"column":66}},"99":{"start":{"line":355,"column":6},"end":{"line":355,"column":37}},"100":{"start":{"line":356,"column":31},"end":{"line":356,"column":52}},"101":{"start":{"line":358,"column":6},"end":{"line":358,"column":72}},"102":{"start":{"line":358,"column":25},"end":{"line":358,"column":72}},"103":{"start":{"line":360,"column":6},"end":{"line":360,"column":39}},"104":{"start":{"line":364,"column":4},"end":{"line":374,"column":6}},"105":{"start":{"line":377,"column":4},"end":{"line":377,"column":21}},"106":{"start":{"line":380,"column":26},"end":{"line":382,"column":6}},"107":{"start":{"line":384,"column":4},"end":{"line":387,"column":7}},"108":{"start":{"line":389,"column":4},"end":{"line":389,"column":23}},"109":{"start":{"line":390,"column":4},"end":{"line":390,"column":25}},"110":{"start":{"line":391,"column":4},"end":{"line":394,"column":7}},"111":{"start":{"line":398,"column":27},"end":{"line":413,"column":1}},"112":{"start":{"line":399,"column":2},"end":{"line":412,"column":3}},"113":{"start":{"line":400,"column":19},"end":{"line":400,"column":41}},"114":{"start":{"line":401,"column":4},"end":{"line":404,"column":7}},"115":{"start":{"line":406,"column":4},"end":{"line":411,"column":7}},"116":{"start":{"line":415,"column":33},"end":{"line":445,"column":1}},"117":{"start":{"line":416,"column":2},"end":{"line":444,"column":3}},"118":{"start":{"line":417,"column":24},"end":{"line":417,"column":34}},"119":{"start":{"line":418,"column":19},"end":{"line":424,"column":6}},"120":{"start":{"line":425,"column":4},"end":{"line":432,"column":5}},"121":{"start":{"line":426,"column":6},"end":{"line":431,"column":9}},"122":{"start":{"line":433,"column":4},"end":{"line":436,"column":7}},"123":{"start":{"line":438,"column":4},"end":{"line":443,"column":7}},"124":{"start":{"line":447,"column":27},"end":{"line":471,"column":1}},"125":{"start":{"line":448,"column":2},"end":{"line":470,"column":3}},"126":{"start":{"line":449,"column":24},"end":{"line":449,"column":34}},"127":{"start":{"line":450,"column":19},"end":{"line":450,"column":49}},"128":{"start":{"line":451,"column":4},"end":{"line":458,"column":5}},"129":{"start":{"line":452,"column":6},"end":{"line":457,"column":9}},"130":{"start":{"line":459,"column":4},"end":{"line":459,"column":27}},"131":{"start":{"line":460,"column":4},"end":{"line":462,"column":7}},"132":{"start":{"line":464,"column":4},"end":{"line":469,"column":7}},"133":{"start":{"line":473,"column":37},"end":{"line":494,"column":1}},"134":{"start":{"line":474,"column":2},"end":{"line":493,"column":3}},"135":{"start":{"line":475,"column":19},"end":{"line":481,"column":6}},"136":{"start":{"line":482,"column":4},"end":{"line":485,"column":7}},"137":{"start":{"line":487,"column":4},"end":{"line":492,"column":7}},"138":{"start":{"line":496,"column":32},"end":{"line":523,"column":1}},"139":{"start":{"line":497,"column":2},"end":{"line":512,"column":3}},"140":{"start":{"line":498,"column":23},"end":{"line":498,"column":53}},"141":{"start":{"line":499,"column":21},"end":{"line":499,"column":65}},"142":{"start":{"line":500,"column":19},"end":{"line":500,"column":61}},"143":{"start":{"line":506,"column":4},"end":{"line":509,"column":6}},"144":{"start":{"line":511,"column":4},"end":{"line":511,"column":57}},"145":{"start":{"line":525,"column":34},"end":{"line":532,"column":1}},"146":{"start":{"line":526,"column":2},"end":{"line":526,"column":24}},"147":{"start":{"line":526,"column":17},"end":{"line":526,"column":24}},"148":{"start":{"line":527,"column":2},"end":{"line":531,"column":3}},"149":{"start":{"line":528,"column":4},"end":{"line":528,"column":48}},"150":{"start":{"line":530,"column":4},"end":{"line":530,"column":80}},"151":{"start":{"line":534,"column":0},"end":{"line":546,"column":2}}},"fnMap":{"0":{"name":"(anonymous_0)","decl":{"start":{"line":13,"column":22},"end":{"line":13,"column":23}},"loc":{"start":{"line":13,"column":42},"end":{"line":28,"column":1}},"line":13},"1":{"name":"(anonymous_1)","decl":{"start":{"line":30,"column":27},"end":{"line":30,"column":28}},"loc":{"start":{"line":30,"column":47},"end":{"line":103,"column":1}},"line":30},"2":{"name":"(anonymous_2)","decl":{"start":{"line":105,"column":34},"end":{"line":105,"column":35}},"loc":{"start":{"line":105,"column":54},"end":{"line":143,"column":1}},"line":105},"3":{"name":"(anonymous_3)","decl":{"start":{"line":145,"column":39},"end":{"line":145,"column":40}},"loc":{"start":{"line":145,"column":59},"end":{"line":166,"column":1}},"line":145},"4":{"name":"(anonymous_4)","decl":{"start":{"line":168,"column":27},"end":{"line":168,"column":28}},"loc":{"start":{"line":168,"column":47},"end":{"line":215,"column":1}},"line":168},"5":{"name":"(anonymous_5)","decl":{"start":{"line":217,"column":30},"end":{"line":217,"column":31}},"loc":{"start":{"line":217,"column":50},"end":{"line":281,"column":1}},"line":217},"6":{"name":"(anonymous_6)","decl":{"start":{"line":244,"column":22},"end":{"line":244,"column":23}},"loc":{"start":{"line":244,"column":32},"end":{"line":256,"column":5}},"line":244},"7":{"name":"(anonymous_7)","decl":{"start":{"line":283,"column":27},"end":{"line":283,"column":28}},"loc":{"start":{"line":283,"column":47},"end":{"line":396,"column":1}},"line":283},"8":{"name":"(anonymous_8)","decl":{"start":{"line":398,"column":27},"end":{"line":398,"column":28}},"loc":{"start":{"line":398,"column":47},"end":{"line":413,"column":1}},"line":398},"9":{"name":"(anonymous_9)","decl":{"start":{"line":415,"column":33},"end":{"line":415,"column":34}},"loc":{"start":{"line":415,"column":53},"end":{"line":445,"column":1}},"line":415},"10":{"name":"(anonymous_10)","decl":{"start":{"line":447,"column":27},"end":{"line":447,"column":28}},"loc":{"start":{"line":447,"column":47},"end":{"line":471,"column":1}},"line":447},"11":{"name":"(anonymous_11)","decl":{"start":{"line":473,"column":37},"end":{"line":473,"column":38}},"loc":{"start":{"line":473,"column":57},"end":{"line":494,"column":1}},"line":473},"12":{"name":"(anonymous_12)","decl":{"start":{"line":496,"column":32},"end":{"line":496,"column":33}},"loc":{"start":{"line":496,"column":48},"end":{"line":523,"column":1}},"line":496},"13":{"name":"(anonymous_13)","decl":{"start":{"line":525,"column":34},"end":{"line":525,"column":35}},"loc":{"start":{"line":525,"column":54},"end":{"line":532,"column":1}},"line":525}},"branchMap":{"0":{"loc":{"start":{"line":34,"column":4},"end":{"line":41,"column":5}},"type":"if","locations":[{"start":{"line":34,"column":4},"end":{"line":41,"column":5}},{"start":{},"end":{}}],"line":34},"1":{"loc":{"start":{"line":50,"column":4},"end":{"line":61,"column":5}},"type":"if","locations":[{"start":{"line":50,"column":4},"end":{"line":61,"column":5}},{"start":{},"end":{}}],"line":50},"2":{"loc":{"start":{"line":51,"column":6},"end":{"line":55,"column":30}},"type":"binary-expr","locations":[{"start":{"line":51,"column":6},"end":{"line":51,"column":28}},{"start":{"line":52,"column":6},"end":{"line":52,"column":27}},{"start":{"line":53,"column":6},"end":{"line":53,"column":26}},{"start":{"line":54,"column":6},"end":{"line":54,"column":22}},{"start":{"line":55,"column":6},"end":{"line":55,"column":30}}],"line":51},"3":{"loc":{"start":{"line":109,"column":4},"end":{"line":116,"column":5}},"type":"if","locations":[{"start":{"line":109,"column":4},"end":{"line":116,"column":5}},{"start":{},"end":{}}],"line":109},"4":{"loc":{"start":{"line":119,"column":4},"end":{"line":122,"column":5}},"type":"if","locations":[{"start":{"line":119,"column":4},"end":{"line":122,"column":5}},{"start":{},"end":{}}],"line":119},"5":{"loc":{"start":{"line":177,"column":4},"end":{"line":186,"column":5}},"type":"if","locations":[{"start":{"line":177,"column":4},"end":{"line":186,"column":5}},{"start":{},"end":{}}],"line":177},"6":{"loc":{"start":{"line":191,"column":4},"end":{"line":195,"column":5}},"type":"if","locations":[{"start":{"line":191,"column":4},"end":{"line":195,"column":5}},{"start":{},"end":{}}],"line":191},"7":{"loc":{"start":{"line":292,"column":4},"end":{"line":303,"column":5}},"type":"if","locations":[{"start":{"line":292,"column":4},"end":{"line":303,"column":5}},{"start":{},"end":{}}],"line":292},"8":{"loc":{"start":{"line":293,"column":6},"end":{"line":296,"column":19}},"type":"binary-expr","locations":[{"start":{"line":293,"column":6},"end":{"line":293,"column":20}},{"start":{"line":294,"column":6},"end":{"line":294,"column":24}},{"start":{"line":295,"column":6},"end":{"line":295,"column":19}},{"start":{"line":296,"column":6},"end":{"line":296,"column":19}}],"line":293},"9":{"loc":{"start":{"line":306,"column":4},"end":{"line":312,"column":5}},"type":"if","locations":[{"start":{"line":306,"column":4},"end":{"line":312,"column":5}},{"start":{},"end":{}}],"line":306},"10":{"loc":{"start":{"line":316,"column":4},"end":{"line":322,"column":5}},"type":"if","locations":[{"start":{"line":316,"column":4},"end":{"line":322,"column":5}},{"start":{},"end":{}}],"line":316},"11":{"loc":{"start":{"line":324,"column":21},"end":{"line":324,"column":40}},"type":"binary-expr","locations":[{"start":{"line":324,"column":21},"end":{"line":324,"column":25}},{"start":{"line":324,"column":29},"end":{"line":324,"column":40}}],"line":324},"12":{"loc":{"start":{"line":327,"column":4},"end":{"line":349,"column":5}},"type":"if","locations":[{"start":{"line":327,"column":4},"end":{"line":349,"column":5}},{"start":{},"end":{}}],"line":327},"13":{"loc":{"start":{"line":327,"column":8},"end":{"line":327,"column":41}},"type":"binary-expr","locations":[{"start":{"line":327,"column":8},"end":{"line":327,"column":15}},{"start":{"line":327,"column":19},"end":{"line":327,"column":41}}],"line":327},"14":{"loc":{"start":{"line":330,"column":6},"end":{"line":336,"column":7}},"type":"if","locations":[{"start":{"line":330,"column":6},"end":{"line":336,"column":7}},{"start":{},"end":{}}],"line":330},"15":{"loc":{"start":{"line":353,"column":4},"end":{"line":361,"column":5}},"type":"if","locations":[{"start":{"line":353,"column":4},"end":{"line":361,"column":5}},{"start":{},"end":{}}],"line":353},"16":{"loc":{"start":{"line":358,"column":6},"end":{"line":358,"column":72}},"type":"if","locations":[{"start":{"line":358,"column":6},"end":{"line":358,"column":72}},{"start":{},"end":{}}],"line":358},"17":{"loc":{"start":{"line":425,"column":4},"end":{"line":432,"column":5}},"type":"if","locations":[{"start":{"line":425,"column":4},"end":{"line":432,"column":5}},{"start":{},"end":{}}],"line":425},"18":{"loc":{"start":{"line":451,"column":4},"end":{"line":458,"column":5}},"type":"if","locations":[{"start":{"line":451,"column":4},"end":{"line":458,"column":5}},{"start":{},"end":{}}],"line":451},"19":{"loc":{"start":{"line":526,"column":2},"end":{"line":526,"column":24}},"type":"if","locations":[{"start":{"line":526,"column":2},"end":{"line":526,"column":24}},{"start":{},"end":{}}],"line":526}},"s":{"0":1,"1":1,"2":1,"3":1,"4":1,"5":1,"6":1,"7":1,"8":1,"9":0,"10":1,"11":3,"12":3,"13":2,"14":2,"15":1,"16":1,"17":1,"18":0,"19":1,"20":1,"21":1,"22":1,"23":1,"24":1,"25":1,"26":1,"27":1,"28":1,"29":0,"30":1,"31":1,"32":1,"33":1,"34":1,"35":1,"36":1,"37":0,"38":1,"39":1,"40":1,"41":1,"42":1,"43":0,"44":1,"45":3,"46":3,"47":3,"48":2,"49":1,"50":1,"51":1,"52":1,"53":0,"54":0,"55":0,"56":1,"57":1,"58":1,"59":1,"60":1,"61":1,"62":1,"63":1,"64":1,"65":1,"66":1,"67":1,"68":1,"69":1,"70":1,"71":0,"72":1,"73":5,"74":5,"75":5,"76":5,"77":5,"78":0,"79":0,"80":5,"81":1,"82":1,"83":4,"84":4,"85":1,"86":1,"87":3,"88":3,"89":2,"90":2,"91":1,"92":1,"93":1,"94":1,"95":2,"96":2,"97":2,"98":1,"99":1,"100":1,"101":1,"102":1,"103":1,"104":2,"105":1,"106":1,"107":1,"108":1,"109":1,"110":1,"111":1,"112":2,"113":2,"114":1,"115":1,"116":1,"117":1,"118":1,"119":1,"120":1,"121":1,"122":0,"123":0,"124":1,"125":4,"126":4,"127":4,"128":4,"129":2,"130":2,"131":1,"132":1,"133":1,"134":1,"135":1,"136":1,"137":0,"138":1,"139":1,"140":1,"141":1,"142":1,"143":1,"144":0,"145":1,"146":1,"147":0,"148":1,"149":1,"150":0,"151":1},"f":{"0":1,"1":3,"2":1,"3":1,"4":3,"5":1,"6":1,"7":5,"8":2,"9":1,"10":4,"11":1,"12":1,"13":1},"b":{"0":[1,1],"1":[0,1],"2":[1,1,1,1,1],"3":[0,1],"4":[1,0],"5":[1,1],"6":[0,1],"7":[0,5],"8":[5,5,5,5],"9":[1,4],"10":[1,3],"11":[3,0],"12":[2,1],"13":[3,3],"14":[1,1],"15":[1,1],"16":[1,0],"17":[1,0],"18":[2,2],"19":[0,1]},"_coverageSchema":"1a1c01bbd47fc00a2c39e90264f33305004495a9","hash":"788502c378f38c0a3386b938c4301b432b363210"}
,"E:\\Work\\19. LATSAR\\5. Aktualisasi\\4. Pengembangan Aplikasi\\1. Application Development\\backend\\controller\\authenticationController.js": {"path":"E:\\Work\\19. LATSAR\\5. Aktualisasi\\4. Pengembangan Aplikasi\\1. Application Development\\backend\\controller\\authenticationController.js","statementMap":{"0":{"start":{"line":1,"column":18},"end":{"line":1,"column":38}},"1":{"start":{"line":2,"column":12},"end":{"line":2,"column":35}},"2":{"start":{"line":4,"column":18},"end":{"line":32,"column":1}},"3":{"start":{"line":5,"column":2},"end":{"line":31,"column":3}},"4":{"start":{"line":6,"column":17},"end":{"line":6,"column":42}},"5":{"start":{"line":7,"column":4},"end":{"line":16,"column":5}},"6":{"start":{"line":8,"column":6},"end":{"line":15,"column":9}},"7":{"start":{"line":18,"column":18},"end":{"line":18,"column":36}},"8":{"start":{"line":19,"column":20},"end":{"line":19,"column":38}},"9":{"start":{"line":20,"column":4},"end":{"line":20,"column":23}},"10":{"start":{"line":21,"column":4},"end":{"line":21,"column":11}},"11":{"start":{"line":23,"column":4},"end":{"line":30,"column":7}},"12":{"start":{"line":34,"column":18},"end":{"line":62,"column":1}},"13":{"start":{"line":35,"column":2},"end":{"line":61,"column":4}},"14":{"start":{"line":36,"column":4},"end":{"line":60,"column":5}},"15":{"start":{"line":37,"column":19},"end":{"line":37,"column":27}},"16":{"start":{"line":38,"column":6},"end":{"line":42,"column":7}},"17":{"start":{"line":39,"column":8},"end":{"line":41,"column":11}},"18":{"start":{"line":44,"column":6},"end":{"line":53,"column":7}},"19":{"start":{"line":45,"column":8},"end":{"line":52,"column":11}},"20":{"start":{"line":55,"column":6},"end":{"line":55,"column":13}},"21":{"start":{"line":57,"column":6},"end":{"line":59,"column":9}},"22":{"start":{"line":64,"column":20},"end":{"line":100,"column":1}},"23":{"start":{"line":65,"column":2},"end":{"line":99,"column":3}},"24":{"start":{"line":66,"column":35},"end":{"line":66,"column":43}},"25":{"start":{"line":67,"column":17},"end":{"line":69,"column":6}},"26":{"start":{"line":70,"column":4},"end":{"line":79,"column":5}},"27":{"start":{"line":71,"column":6},"end":{"line":78,"column":9}},"28":{"start":{"line":80,"column":28},"end":{"line":80,"column":69}},"29":{"start":{"line":81,"column":4},"end":{"line":90,"column":5}},"30":{"start":{"line":82,"column":6},"end":{"line":89,"column":9}},"31":{"start":{"line":91,"column":18},"end":{"line":91,"column":35}},"32":{"start":{"line":92,"column":4},"end":{"line":94,"column":7}},"33":{"start":{"line":96,"column":4},"end":{"line":98,"column":7}},"34":{"start":{"line":102,"column":20},"end":{"line":110,"column":1}},"35":{"start":{"line":103,"column":2},"end":{"line":109,"column":4}},"36":{"start":{"line":112,"column":20},"end":{"line":114,"column":1}},"37":{"start":{"line":113,"column":2},"end":{"line":113,"column":51}},"38":{"start":{"line":116,"column":0},"end":{"line":116,"column":55}}},"fnMap":{"0":{"name":"(anonymous_0)","decl":{"start":{"line":4,"column":18},"end":{"line":4,"column":19}},"loc":{"start":{"line":4,"column":44},"end":{"line":32,"column":1}},"line":4},"1":{"name":"(anonymous_1)","decl":{"start":{"line":34,"column":18},"end":{"line":34,"column":19}},"loc":{"start":{"line":34,"column":41},"end":{"line":62,"column":1}},"line":34},"2":{"name":"(anonymous_2)","decl":{"start":{"line":35,"column":9},"end":{"line":35,"column":10}},"loc":{"start":{"line":35,"column":29},"end":{"line":61,"column":3}},"line":35},"3":{"name":"(anonymous_3)","decl":{"start":{"line":64,"column":20},"end":{"line":64,"column":21}},"loc":{"start":{"line":64,"column":40},"end":{"line":100,"column":1}},"line":64},"4":{"name":"(anonymous_4)","decl":{"start":{"line":102,"column":20},"end":{"line":102,"column":21}},"loc":{"start":{"line":102,"column":30},"end":{"line":110,"column":1}},"line":102},"5":{"name":"(anonymous_5)","decl":{"start":{"line":112,"column":20},"end":{"line":112,"column":21}},"loc":{"start":{"line":112,"column":31},"end":{"line":114,"column":1}},"line":112}},"branchMap":{"0":{"loc":{"start":{"line":7,"column":4},"end":{"line":16,"column":5}},"type":"if","locations":[{"start":{"line":7,"column":4},"end":{"line":16,"column":5}},{"start":{},"end":{}}],"line":7},"1":{"loc":{"start":{"line":34,"column":19},"end":{"line":34,"column":36}},"type":"default-arg","locations":[{"start":{"line":34,"column":34},"end":{"line":34,"column":36}}],"line":34},"2":{"loc":{"start":{"line":38,"column":6},"end":{"line":42,"column":7}},"type":"if","locations":[{"start":{"line":38,"column":6},"end":{"line":42,"column":7}},{"start":{},"end":{}}],"line":38},"3":{"loc":{"start":{"line":44,"column":6},"end":{"line":53,"column":7}},"type":"if","locations":[{"start":{"line":44,"column":6},"end":{"line":53,"column":7}},{"start":{},"end":{}}],"line":44},"4":{"loc":{"start":{"line":70,"column":4},"end":{"line":79,"column":5}},"type":"if","locations":[{"start":{"line":70,"column":4},"end":{"line":79,"column":5}},{"start":{},"end":{}}],"line":70},"5":{"loc":{"start":{"line":80,"column":28},"end":{"line":80,"column":69}},"type":"cond-expr","locations":[{"start":{"line":80,"column":57},"end":{"line":80,"column":61}},{"start":{"line":80,"column":64},"end":{"line":80,"column":69}}],"line":80},"6":{"loc":{"start":{"line":81,"column":4},"end":{"line":90,"column":5}},"type":"if","locations":[{"start":{"line":81,"column":4},"end":{"line":90,"column":5}},{"start":{},"end":{}}],"line":81}},"s":{"0":1,"1":1,"2":1,"3":6,"4":6,"5":6,"6":1,"7":5,"8":5,"9":4,"10":4,"11":1,"12":1,"13":2,"14":3,"15":3,"16":3,"17":0,"18":3,"19":1,"20":2,"21":0,"22":1,"23":3,"24":3,"25":3,"26":3,"27":1,"28":2,"29":2,"30":1,"31":1,"32":1,"33":0,"34":1,"35":1,"36":1,"37":5,"38":1},"f":{"0":6,"1":2,"2":3,"3":3,"4":1,"5":5},"b":{"0":[1,5],"1":[0],"2":[0,3],"3":[1,2],"4":[1,2],"5":[1,1],"6":[1,1]},"_coverageSchema":"1a1c01bbd47fc00a2c39e90264f33305004495a9","hash":"2e4963b2a9e5f0cce24d0dc49433dab68d3df7b1"}
}
