TN:
SF:controller\adminController.js
FN:13,(anonymous_0)
FN:30,(anonymous_1)
FN:105,(anonymous_2)
FN:145,(anonymous_3)
FN:168,(anonymous_4)
FN:217,(anonymous_5)
FN:244,(anonymous_6)
FN:283,(anonymous_7)
FN:398,(anonymous_8)
FN:415,(anonymous_9)
FN:447,(anonymous_10)
FN:473,(anonymous_11)
FN:496,(anonymous_12)
FN:525,(anonymous_13)
FNF:14
FNH:14
FNDA:1,(anonymous_0)
FNDA:3,(anonymous_1)
FNDA:1,(anonymous_2)
FNDA:1,(anonymous_3)
FNDA:3,(anonymous_4)
FNDA:1,(anonymous_5)
FNDA:1,(anonymous_6)
FNDA:5,(anonymous_7)
FNDA:2,(anonymous_8)
FNDA:1,(anonymous_9)
FNDA:4,(anonymous_10)
FNDA:1,(anonymous_11)
FNDA:1,(anonymous_12)
FNDA:1,(anonymous_13)
DA:1,1
DA:8,1
DA:9,1
DA:10,1
DA:11,1
DA:13,1
DA:14,1
DA:15,1
DA:16,1
DA:21,0
DA:30,1
DA:31,3
DA:32,3
DA:33,2
DA:34,2
DA:35,1
DA:48,1
DA:50,1
DA:57,0
DA:63,1
DA:72,1
DA:74,1
DA:85,1
DA:96,1
DA:105,1
DA:106,1
DA:107,1
DA:108,1
DA:109,1
DA:110,0
DA:118,1
DA:119,1
DA:120,1
DA:121,1
DA:123,1
DA:124,1
DA:131,1
DA:136,0
DA:145,1
DA:146,1
DA:147,1
DA:148,1
DA:154,1
DA:159,0
DA:168,1
DA:169,3
DA:170,3
DA:176,3
DA:177,2
DA:178,1
DA:188,1
DA:189,1
DA:191,1
DA:192,0
DA:193,0
DA:194,0
DA:197,1
DA:206,1
DA:210,1
DA:217,1
DA:218,1
DA:220,1
DA:230,1
DA:231,1
DA:234,1
DA:244,1
DA:245,1
DA:258,1
DA:262,1
DA:267,1
DA:268,1
DA:274,0
DA:283,1
DA:285,5
DA:287,5
DA:288,5
DA:289,5
DA:292,5
DA:298,0
DA:299,0
DA:306,5
DA:307,1
DA:308,1
DA:315,4
DA:316,4
DA:317,1
DA:318,1
DA:324,3
DA:327,3
DA:329,2
DA:330,2
DA:331,1
DA:332,1
DA:339,1
DA:345,1
DA:351,2
DA:352,2
DA:353,2
DA:354,1
DA:355,1
DA:356,1
DA:358,1
DA:360,1
DA:364,2
DA:377,1
DA:380,1
DA:384,1
DA:389,1
DA:390,1
DA:391,1
DA:398,1
DA:399,2
DA:400,2
DA:401,1
DA:406,1
DA:415,1
DA:416,1
DA:417,1
DA:418,1
DA:425,1
DA:426,1
DA:433,0
DA:438,0
DA:447,1
DA:448,4
DA:449,4
DA:450,4
DA:451,4
DA:452,2
DA:459,2
DA:460,1
DA:464,1
DA:473,1
DA:474,1
DA:475,1
DA:482,1
DA:487,0
DA:496,1
DA:497,1
DA:498,1
DA:499,1
DA:500,1
DA:506,1
DA:511,0
DA:525,1
DA:526,1
DA:527,1
DA:528,1
DA:530,0
DA:534,1
LF:150
LH:134
BRDA:34,0,0,1
BRDA:34,0,1,1
BRDA:50,1,0,0
BRDA:50,1,1,1
BRDA:51,2,0,1
BRDA:51,2,1,1
BRDA:51,2,2,1
BRDA:51,2,3,1
BRDA:51,2,4,1
BRDA:109,3,0,0
BRDA:109,3,1,1
BRDA:119,4,0,1
BRDA:119,4,1,0
BRDA:177,5,0,1
BRDA:177,5,1,1
BRDA:191,6,0,0
BRDA:191,6,1,1
BRDA:292,7,0,0
BRDA:292,7,1,5
BRDA:293,8,0,5
BRDA:293,8,1,5
BRDA:293,8,2,5
BRDA:293,8,3,5
BRDA:306,9,0,1
BRDA:306,9,1,4
BRDA:316,10,0,1
BRDA:316,10,1,3
BRDA:324,11,0,3
BRDA:324,11,1,0
BRDA:327,12,0,2
BRDA:327,12,1,1
BRDA:327,13,0,3
BRDA:327,13,1,3
BRDA:330,14,0,1
BRDA:330,14,1,1
BRDA:353,15,0,1
BRDA:353,15,1,1
BRDA:358,16,0,1
BRDA:358,16,1,0
BRDA:425,17,0,1
BRDA:425,17,1,0
BRDA:451,18,0,2
BRDA:451,18,1,2
BRDA:526,19,0,0
BRDA:526,19,1,1
BRF:45
BRH:36
end_of_record
TN:
SF:controller\authenticationController.js
FN:4,(anonymous_0)
FN:34,(anonymous_1)
FN:35,(anonymous_2)
FN:64,(anonymous_3)
FN:102,(anonymous_4)
FN:112,(anonymous_5)
FNF:6
FNH:6
FNDA:6,(anonymous_0)
FNDA:2,(anonymous_1)
FNDA:3,(anonymous_2)
FNDA:3,(anonymous_3)
FNDA:1,(anonymous_4)
FNDA:5,(anonymous_5)
DA:1,1
DA:2,1
DA:4,1
DA:5,6
DA:6,6
DA:7,6
DA:8,1
DA:18,5
DA:19,5
DA:20,4
DA:21,4
DA:23,1
DA:34,1
DA:35,2
DA:36,3
DA:37,3
DA:38,3
DA:39,0
DA:44,3
DA:45,1
DA:55,2
DA:57,0
DA:64,1
DA:65,3
DA:66,3
DA:67,3
DA:70,3
DA:71,1
DA:80,2
DA:81,2
DA:82,1
DA:91,1
DA:92,1
DA:96,0
DA:102,1
DA:103,1
DA:112,1
DA:113,5
DA:116,1
LF:39
LH:36
BRDA:7,0,0,1
BRDA:7,0,1,5
BRDA:34,1,0,0
BRDA:38,2,0,0
BRDA:38,2,1,3
BRDA:44,3,0,1
BRDA:44,3,1,2
BRDA:70,4,0,1
BRDA:70,4,1,2
BRDA:80,5,0,1
BRDA:80,5,1,1
BRDA:81,6,0,1
BRDA:81,6,1,1
BRF:13
BRH:11
end_of_record
